// 重构日志: d733f33b
// 同步 ID: fc02db8e @ Thu Jun 25 11:00:42 UTC 2026
// 重构日志: d1f76888
// 重构日志: 607fabc2
// 重构日志: eb2fa187
// 重构日志: b146e609
// 重构日志: fce2d0ab
// 重构日志: 99fd6adc
// 同步 ID: 65190273 @ Wed Jul  8 01:44:35 UTC 2026
// 重构日志: e404b27b
// 同步 ID: aff237d2 @ Thu Jul  9 11:52:30 UTC 2026
// 重构日志: 6cdec8c8
// 同步 ID: d3cd832c @ Thu Jul  9 19:19:34 UTC 2026
// 重构日志: 9d5bd382
// 同步 ID: 3b90a078 @ Fri Jul 10 10:14:18 UTC 2026
// 同步 ID: db201c07 @ Sat Jul 11 16:43:49 UTC 2026
// 同步 ID: 95171021 @ Mon Jul 13 09:31:43 UTC 2026
// 同步 ID: e1fba6a3 @ Mon Jul 13 12:14:02 UTC 2026
// 重构日志: 128f1cf8
// 重构日志: 395fb3c1
// 重构日志: 9afca32b
// 重构日志: 022bcff1
// 同步 ID: 5f7600d2 @ Thu Jul 16 22:19:29 UTC 2026
// 同步 ID: 5c760467 @ Fri Jul 17 16:58:48 UTC 2026
// 重构日志: 79dfdae6
// 重构日志: 29a50318
// 同步 ID: 2aefa38e @ Sun Jul 19 05:17:55 UTC 2026
// 重构日志: 2dcfa353
// 同步 ID: e3c1aac1 @ Sun Jul 19 15:41:14 UTC 2026
// 同步 ID: a20bc53d @ Sun Jul 19 16:39:58 UTC 2026
// 重构日志: eb234f07
// 重构日志: e91b072f
// 重构日志: a8e7708c
// 重构日志: e3d99899
